::1 - - [14/Jan/2026 07:06:10] "GET /mockup/ HTTP/1.1" 200 -
::1 - - [14/Jan/2026 07:06:20] "GET /mockup/ HTTP/1.1" 200 -
::1 - - [14/Jan/2026 07:06:20] "GET /mockup/styles.css HTTP/1.1" 200 -
::1 - - [14/Jan/2026 07:06:20] "GET /mockup/script.js HTTP/1.1" 200 -
::1 - - [14/Jan/2026 07:06:21] "GET /nz_length_weight_coefficients.json HTTP/1.1" 200 -
::1 - - [14/Jan/2026 07:06:21] code 404, message File not found
::1 - - [14/Jan/2026 07:06:21] "GET /favicon.ico HTTP/1.1" 404 -
::1 - - [14/Jan/2026 07:09:19] "GET /mockup/ HTTP/1.1" 304 -
::1 - - [14/Jan/2026 07:09:19] "GET /mockup/script.js HTTP/1.1" 200 -
::1 - - [14/Jan/2026 07:09:19] "GET /mockup/styles.css HTTP/1.1" 304 -
::1 - - [14/Jan/2026 07:09:20] "GET /nz_length_weight_coefficients.json HTTP/1.1" 304 -
::1 - - [14/Jan/2026 07:15:04] "GET /mockup/ HTTP/1.1" 200 -
::1 - - [14/Jan/2026 07:15:04] "GET /mockup/styles.css HTTP/1.1" 200 -
::1 - - [14/Jan/2026 07:15:04] "GET /mockup/script.js HTTP/1.1" 304 -
::1 - - [14/Jan/2026 07:15:04] "GET /nz_length_weight_coefficients.json HTTP/1.1" 304 -
::1 - - [14/Jan/2026 07:16:38] "GET /mockup/ HTTP/1.1" 200 -
::1 - - [14/Jan/2026 07:16:38] "GET /mockup/script.js HTTP/1.1" 304 -
::1 - - [14/Jan/2026 07:16:38] "GET /mockup/styles.css HTTP/1.1" 200 -
::1 - - [14/Jan/2026 07:16:38] "GET /nz_length_weight_coefficients.json HTTP/1.1" 304 -
::1 - - [14/Jan/2026 07:20:35] "GET /mockup/ HTTP/1.1" 200 -
::1 - - [14/Jan/2026 07:20:35] "GET /mockup/styles.css HTTP/1.1" 304 -
::1 - - [14/Jan/2026 07:20:35] "GET /mockup/script.js HTTP/1.1" 200 -
::1 - - [14/Jan/2026 07:20:35] "GET /nz_length_weight_coefficients.json HTTP/1.1" 304 -
::1 - - [14/Jan/2026 07:30:29] "GET /mockup/ HTTP/1.1" 304 -
::1 - - [14/Jan/2026 07:30:29] "GET /mockup/styles.css HTTP/1.1" 304 -
::1 - - [14/Jan/2026 07:30:29] "GET /mockup/script.js HTTP/1.1" 200 -
::1 - - [14/Jan/2026 07:30:29] "GET /nz_length_weight_coefficients.json HTTP/1.1" 200 -
::1 - - [14/Jan/2026 07:34:54] "GET /mockup/ HTTP/1.1" 304 -
::1 - - [14/Jan/2026 07:34:54] "GET /mockup/styles.css HTTP/1.1" 304 -
::1 - - [14/Jan/2026 07:34:54] "GET /mockup/script.js HTTP/1.1" 200 -
::1 - - [14/Jan/2026 07:34:54] "GET /nz_length_weight_coefficients.json HTTP/1.1" 200 -
::1 - - [14/Jan/2026 07:35:51] "GET /mockup/script.js HTTP/1.1" 200 -
::1 - - [14/Jan/2026 07:35:51] "GET /nz_length_weight_coefficients.json HTTP/1.1" 200 -
::1 - - [14/Jan/2026 07:36:44] "GET /mockup/ HTTP/1.1" 200 -
::1 - - [14/Jan/2026 07:36:44] "GET /mockup/styles.css HTTP/1.1" 200 -
::1 - - [14/Jan/2026 07:36:44] "GET /mockup/script.js HTTP/1.1" 304 -
::1 - - [14/Jan/2026 07:36:44] "GET /nz_length_weight_coefficients.json HTTP/1.1" 304 -
::1 - - [14/Jan/2026 07:36:46] "GET /mockup/ HTTP/1.1" 304 -
::1 - - [14/Jan/2026 07:38:03] "GET /mockup/ HTTP/1.1" 304 -
::1 - - [14/Jan/2026 07:38:03] "GET /mockup/styles.css HTTP/1.1" 304 -
::1 - - [14/Jan/2026 07:38:03] "GET /mockup/script.js HTTP/1.1" 200 -
::1 - - [14/Jan/2026 07:38:04] "GET /nz_length_weight_coefficients.json HTTP/1.1" 304 -
::1 - - [14/Jan/2026 07:38:04] "GET /mockup/ HTTP/1.1" 304 -
::1 - - [14/Jan/2026 07:38:09] "GET /mockup/script.js HTTP/1.1" 304 -
::1 - - [14/Jan/2026 07:38:11] "GET /assets/Kingfish.png HTTP/1.1" 200 -
::1 - - [14/Jan/2026 07:44:07] "GET /mockup/ HTTP/1.1" 304 -
::1 - - [14/Jan/2026 07:44:07] "GET /mockup/styles.css HTTP/1.1" 200 -
::1 - - [14/Jan/2026 07:44:07] "GET /mockup/script.js HTTP/1.1" 304 -
::1 - - [14/Jan/2026 07:44:07] "GET /nz_length_weight_coefficients.json HTTP/1.1" 304 -
::1 - - [14/Jan/2026 07:44:11] "GET /assets/Kingfish.png HTTP/1.1" 304 -
::1 - - [14/Jan/2026 07:44:13] "GET /assets/Kahawai.png HTTP/1.1" 200 -
::1 - - [14/Jan/2026 07:44:13] "GET /assets/Snapper.png HTTP/1.1" 200 -
::1 - - [14/Jan/2026 07:45:32] "GET /mockup/ HTTP/1.1" 304 -
::1 - - [14/Jan/2026 07:45:32] "GET /mockup/styles.css HTTP/1.1" 304 -
::1 - - [14/Jan/2026 07:45:32] "GET /mockup/script.js HTTP/1.1" 200 -
::1 - - [14/Jan/2026 07:45:32] "GET /nz_length_weight_coefficients.json HTTP/1.1" 304 -
::1 - - [14/Jan/2026 07:48:56] "GET /mockup/ HTTP/1.1" 304 -
::1 - - [14/Jan/2026 07:48:56] "GET /mockup/styles.css HTTP/1.1" 200 -
::1 - - [14/Jan/2026 07:48:56] "GET /mockup/script.js HTTP/1.1" 304 -
::1 - - [14/Jan/2026 07:48:56] "GET /nz_length_weight_coefficients.json HTTP/1.1" 304 -
::1 - - [14/Jan/2026 07:48:59] "GET /assets/Kingfish.png HTTP/1.1" 304 -
::1 - - [14/Jan/2026 07:49:05] "GET /assets/Snapper.png HTTP/1.1" 304 -
::1 - - [14/Jan/2026 07:51:36] "GET /mockup/styles.css HTTP/1.1" 200 -
::1 - - [14/Jan/2026 07:51:36] code 404, message File not found
::1 - - [14/Jan/2026 07:51:36] "GET /.well-known/appspecific/com.chrome.devtools.json HTTP/1.1" 404 -
::1 - - [14/Jan/2026 07:51:41] "GET /assets/Kingfish.png HTTP/1.1" 304 -
::1 - - [14/Jan/2026 07:51:43] "GET /assets/Snapper.png HTTP/1.1" 304 -
::1 - - [14/Jan/2026 07:51:44] "GET /assets/Trevally.png HTTP/1.1" 200 -
::1 - - [14/Jan/2026 07:54:39] "GET /mockup/ HTTP/1.1" 200 -
::1 - - [14/Jan/2026 07:54:39] "GET /mockup/styles.css HTTP/1.1" 304 -
::1 - - [14/Jan/2026 07:54:39] "GET /mockup/script.js HTTP/1.1" 200 -
::1 - - [14/Jan/2026 07:54:39] code 404, message File not found
::1 - - [14/Jan/2026 07:54:39] "GET /.well-known/appspecific/com.chrome.devtools.json HTTP/1.1" 404 -
::1 - - [14/Jan/2026 07:54:39] "GET /nz_length_weight_coefficients.json HTTP/1.1" 304 -
::1 - - [14/Jan/2026 07:54:39] "GET /assets/Snapper.png HTTP/1.1" 304 -
::1 - - [14/Jan/2026 07:56:51] "GET /mockup/ HTTP/1.1" 200 -
::1 - - [14/Jan/2026 07:56:51] code 404, message File not found
::1 - - [14/Jan/2026 07:56:51] "GET /.well-known/appspecific/com.chrome.devtools.json HTTP/1.1" 404 -
::1 - - [14/Jan/2026 07:56:51] "GET /mockup/styles.css HTTP/1.1" 200 -
::1 - - [14/Jan/2026 07:56:51] "GET /mockup/script.js HTTP/1.1" 200 -
::1 - - [14/Jan/2026 07:56:51] "GET /nz_length_weight_coefficients.json HTTP/1.1" 304 -
::1 - - [14/Jan/2026 07:57:36] "GET /assets/Kahawai.png HTTP/1.1" 304 -
::1 - - [14/Jan/2026 07:57:37] "GET /assets/Trevally.png HTTP/1.1" 304 -
::1 - - [14/Jan/2026 07:57:39] "GET /assets/Kingfish.png HTTP/1.1" 304 -
::1 - - [14/Jan/2026 08:05:12] "GET /mockup/ HTTP/1.1" 200 -
::1 - - [14/Jan/2026 08:05:12] code 404, message File not found
::1 - - [14/Jan/2026 08:05:12] "GET /.well-known/appspecific/com.chrome.devtools.json HTTP/1.1" 404 -
::1 - - [14/Jan/2026 08:05:12] "GET /mockup/styles.css HTTP/1.1" 304 -
::1 - - [14/Jan/2026 08:05:12] "GET /mockup/script.js HTTP/1.1" 304 -
::1 - - [14/Jan/2026 08:05:12] "GET /nz_length_weight_coefficients.json HTTP/1.1" 304 -
::1 - - [14/Jan/2026 08:05:12] "GET /assets/Snapper.png HTTP/1.1" 304 -
::1 - - [14/Jan/2026 08:05:43] "GET /assets/Kahawai.png HTTP/1.1" 304 -
::1 - - [14/Jan/2026 08:05:45] "GET /assets/Kingfish.png HTTP/1.1" 304 -
